#-----------------------------------------------------------
# Vivado v2016.4 (64-bit)
# SW Build 1756540 on Mon Jan 23 19:11:23 MST 2017
# IP Build 1755317 on Mon Jan 23 20:30:07 MST 2017
# Start of session at: Thu Jun 06 08:22:59 2024
# Process ID: 12368
# Current directory: D:/VHDL project/project
# Command line: vivado.exe -gui_launcher_event rodinguilauncherevent1972 D:\VHDL project\project\project.xpr
# Log file: D:/VHDL project/project/vivado.log
# Journal file: D:/VHDL project/project\vivado.jou
#-----------------------------------------------------------
start_gui
open_project {D:/VHDL project/project/project.xpr}
Scanning sources...
Finished scanning sources
INFO: [IP_Flow 19-234] Refreshing IP repositories
INFO: [IP_Flow 19-1704] No user IP repositories specified
INFO: [Common 17-41] Interrupt caught. Command should exit soon.
INFO: [IP_Flow 19-2313] Loaded Vivado IP repository 'D:/Xilinx/Vivado/2016.4/data/ip'.
INFO: [IP_Flow 19-2338] Canceling the changes to the IP catalog. Reverting the catalog back to its previous state.
INFO: [IP_Flow 19-2340] The IP catalog has been returned to its previous state.
INFO: [Common 17-344] 'open_project' was cancelled
exit
INFO: [Common 17-206] Exiting Vivado at Thu Jun 06 08:23:34 2024...
