16:34:20 INFO  : updated workspace path: D:\TUCN\UTCN\Third_Year\SSC\Lab\L5
16:34:20 INFO  : Marking the target connection as default Local
16:34:20 INFO  : Marking the target connection as default Linux Agent
16:34:20 INFO  : Marking the target connection as default XRTServer
16:34:20 INFO  : Marking the target connection as default LinuxEmulation
16:34:20 INFO  : Marking the target connection as default QEMU
16:34:20 INFO  : created .gitignore file for the project D:\TUCN\UTCN\Third_Year\SSC\Lab\L5
16:34:20 INFO  : Platform LAB5_platform creation started.
16:34:20 INFO  : Using sdt generation script from D:\Xilinx\2025.1\Vitis\vitis-server\scripts\platformutil.tcl
16:34:20 INFO  : cmd.exe, /C, sdtgen.bat D:\Xilinx\2025.1\Vitis\vitis-server\scripts\platformutil.tcl D:\TUCN\UTCN\Third_Year\SSC\Lab\L5\Multiply_Lab5\design_1_wrapper.xsa D:\TUCN\UTCN\Third_Year\SSC\Lab\L5\LAB5_platform\hw\sdt
16:34:24 INFO  : [INFO]: Initializing repositories
16:34:24 INFO  : [INFO]: Successfully set the EmbeddedSW path, refer .repo.yaml for more details.
16:34:24 INFO  : Successfully created repository data at C:\Users\totha\AppData\Local\Temp\rigel_lopper_totha11603769394728789423
16:34:24 INFO  : cmd.exe, /C, empyro.bat get_template_data -d C:\Users\totha\AppData\Local\Temp\rigel_lopper_totha6457950221361021529 -r C:\Users\totha\AppData\Local\Temp\rigel_lopper_totha11603769394728789423\.repo.yaml
16:34:25 INFO  : Embedded Template List generated successfully
16:34:25 INFO  : cmd.exe, /C, empyro.bat repo -st   D:\Xilinx\2025.1\Vitis\data\embeddedsw
16:34:28 INFO  : [INFO]: Initializing repositories
16:34:28 INFO  : [INFO]: Successfully set the EmbeddedSW path, refer .repo.yaml for more details.
16:34:28 INFO  : Successfully created repository data at D:\TUCN\UTCN\Third_Year\SSC\Lab\L5/_ide\.wsdata
16:34:28 INFO  : cmd.exe, /C, empyro.bat get_template_data -d C:\Users\totha\AppData\Local\Temp\rigel_lopper_totha2424062992865591179 -r D:\TUCN\UTCN\Third_Year\SSC\Lab\L5\_ide\.wsdata\.repo.yaml
16:34:29 INFO  : Embedded Template List generated successfully
16:34:30 INFO  : -xsa D:\TUCN\UTCN\Third_Year\SSC\Lab\L5\Multiply_Lab5\design_1_wrapper.xsa
16:34:30 INFO  : -dir D:\TUCN\UTCN\Third_Year\SSC\Lab\L5\LAB5_platform\hw\sdt
16:34:30 INFO  : -board_dts 
16:34:30 INFO  : -include_dts 
16:34:30 INFO  : -repo D:/Xilinx/2025.1/Vitis/data/system-device-tree-xlnx
16:34:30 INFO  : -zocl disable
16:34:30 INFO  : INFO: [Hsi 55-2053] elapsed time for repository (D:/Xilinx/2025.1/Vitis/data/embeddedsw) loading 1 seconds
16:34:30 INFO  : SDT generated successfully
16:34:30 INFO  : Lopper command for cpu List generation: lopper.bat --enhanced --werror -f -O D:\TUCN\UTCN\Third_Year\SSC\Lab\L5\.rigel_lopper -i lop-cpu-oslist.dts D:\TUCN\UTCN\Third_Year\SSC\Lab\L5\LAB5_platform\hw\sdt\system-top.dts
16:34:30 INFO  : cmd.exe, /C, lopper.bat --enhanced --werror -f -O D:\TUCN\UTCN\Third_Year\SSC\Lab\L5\.rigel_lopper -i lop-cpu-oslist.dts D:\TUCN\UTCN\Third_Year\SSC\Lab\L5\LAB5_platform\hw\sdt\system-top.dts
16:34:31 INFO  : CPU List generated successfully
16:34:31 INFO  : SDT generated successfully.
16:34:31 INFO  : created .gitignore file for the project D:\TUCN\UTCN\Third_Year\SSC\Lab\L5\LAB5_platform
16:34:31 INFO  : ZYNQ: Using the QEMU args from install at  : D:\Xilinx\2025.1\Vitis\data\emulation\platforms\zynq\sw\a9_linux\qemu\qemu_args.txt
16:34:31 INFO  : ZYNQ: Using the QEMU args from install at  : D:\Xilinx\2025.1\Vitis\data\emulation\platforms\zynq\sw\a9_standalone\qemu\qemu_args.txt
16:34:31 INFO  : ZYNQ: Using the QEMU args from install at  : D:\Xilinx\2025.1\Vitis\data\emulation\platforms\zynq\sw\a9_standalone\qemu\qemu_args.txt
16:34:31 INFO  : lopper command to generate BSP :empyro.bat create_bsp -w D:\TUCN\UTCN\Third_Year\SSC\Lab\L5\LAB5_platform\zynq_fsbl\zynq_fsbl_bsp -p ps7_cortexa9_0 -o standalone -s D:\TUCN\UTCN\Third_Year\SSC\Lab\L5\LAB5_platform\hw\sdt\system-top.dts -t zynq_fsbl -r D:\TUCN\UTCN\Third_Year\SSC\Lab\L5\_ide\.wsdata\.repo.yaml
16:34:31 INFO  : cmd.exe, /C, empyro.bat create_bsp -w D:\TUCN\UTCN\Third_Year\SSC\Lab\L5\LAB5_platform\zynq_fsbl\zynq_fsbl_bsp -p ps7_cortexa9_0 -o standalone -s D:\TUCN\UTCN\Third_Year\SSC\Lab\L5\LAB5_platform\hw\sdt\system-top.dts -t zynq_fsbl -r D:\TUCN\UTCN\Third_Year\SSC\Lab\L5\_ide\.wsdata\.repo.yaml
16:34:31 INFO  : lopper command to generate BSP :empyro.bat create_bsp -w D:\TUCN\UTCN\Third_Year\SSC\Lab\L5\LAB5_platform\ps7_cortexa9_0\standalone_ps7_cortexa9_0\bsp -p ps7_cortexa9_0 -o standalone -s D:\TUCN\UTCN\Third_Year\SSC\Lab\L5\LAB5_platform\hw\sdt\system-top.dts -t empty_application -r D:\TUCN\UTCN\Third_Year\SSC\Lab\L5\_ide\.wsdata\.repo.yaml
16:34:31 INFO  : cmd.exe, /C, empyro.bat create_bsp -w D:\TUCN\UTCN\Third_Year\SSC\Lab\L5\LAB5_platform\ps7_cortexa9_0\standalone_ps7_cortexa9_0\bsp -p ps7_cortexa9_0 -o standalone -s D:\TUCN\UTCN\Third_Year\SSC\Lab\L5\LAB5_platform\hw\sdt\system-top.dts -t empty_application -r D:\TUCN\UTCN\Third_Year\SSC\Lab\L5\_ide\.wsdata\.repo.yaml
16:35:02 INFO  : [INFO]: Starting domain creation
16:35:02 INFO  : [INFO]: Generating Domain-specific DTS for ps7_cortexa9_0
16:35:02 INFO  : [INFO]: Generating required metadata from domain specific DT
16:35:02 INFO  : [INFO]: Successfully created Domain at D:\TUCN\UTCN\Third_Year\SSC\Lab\L5\LAB5_platform\ps7_cortexa9_0\standalone_ps7_cortexa9_0\bsp
16:35:02 INFO  : Successfully Generated Domain D:\TUCN\UTCN\Third_Year\SSC\Lab\L5\LAB5_platform\ps7_cortexa9_0\standalone_ps7_cortexa9_0\bsp
16:35:02 INFO  : Domain standalone_ps7_cortexa9_0 added successfully.
16:35:03 INFO  : [INFO]: Starting domain creation
16:35:03 INFO  : [INFO]: Generating Domain-specific DTS for ps7_cortexa9_0
16:35:03 INFO  : [INFO]: Generating required metadata from domain specific DT
16:35:03 INFO  : [INFO]: Successfully created Domain at D:\TUCN\UTCN\Third_Year\SSC\Lab\L5\LAB5_platform\zynq_fsbl\zynq_fsbl_bsp
16:35:03 INFO  : Successfully Generated Domain D:\TUCN\UTCN\Third_Year\SSC\Lab\L5\LAB5_platform\zynq_fsbl\zynq_fsbl_bsp
16:35:03 INFO  : lopper command to create baremetal application :empyro.bat create_app --src_dir D:\TUCN\UTCN\Third_Year\SSC\Lab\L5\LAB5_platform\zynq_fsbl -t zynq_fsbl -d D:\TUCN\UTCN\Third_Year\SSC\Lab\L5\LAB5_platform\zynq_fsbl\zynq_fsbl_bsp -n fsbl -r D:\TUCN\UTCN\Third_Year\SSC\Lab\L5\_ide\.wsdata\.repo.yaml
16:35:03 INFO  : cmd.exe, /C, empyro.bat validate_bsp -t zynq_fsbl -d D:\TUCN\UTCN\Third_Year\SSC\Lab\L5\LAB5_platform\zynq_fsbl\zynq_fsbl_bsp -r D:\TUCN\UTCN\Third_Year\SSC\Lab\L5\_ide\.wsdata\.repo.yaml
16:35:06 INFO  : Successfully validated template zynq_fsbl
16:35:06 INFO  : cmd.exe, /C, empyro.bat create_app --src_dir D:\TUCN\UTCN\Third_Year\SSC\Lab\L5\LAB5_platform\zynq_fsbl -t zynq_fsbl -d D:\TUCN\UTCN\Third_Year\SSC\Lab\L5\LAB5_platform\zynq_fsbl\zynq_fsbl_bsp -n fsbl -r D:\TUCN\UTCN\Third_Year\SSC\Lab\L5\_ide\.wsdata\.repo.yaml
16:35:12 INFO  : [INFO]: Generating Linker script for zynq_fsbl
16:35:12 INFO  : [INFO]: Successfully Created Application sources at D:/TUCN/UTCN/Third_Year/SSC/Lab/L5/LAB5_platform/zynq_fsbl
16:35:12 INFO  : Successfully created Application D:\TUCN\UTCN\Third_Year\SSC\Lab\L5\LAB5_platform\zynq_fsbl
16:35:12 INFO  : Platform FSBL Boot domain added successfully.
16:35:12 INFO  : Platform creation finished successfully.
16:35:12 INFO  : Platform Quick Build initiated.
16:35:12 INFO  : Generating Export directory
16:35:13 INFO  : Generated platform metadata for creating application(s) based on platform LAB5_platform.
16:35:51 INFO  : cmd.exe, /C, empyro.bat validate_bsp -t hello_world -d D:\TUCN\UTCN\Third_Year\SSC\Lab\L5\LAB5_platform\export\LAB5_platform\sw\standalone_ps7_cortexa9_0 -r D:\TUCN\UTCN\Third_Year\SSC\Lab\L5\_ide\.wsdata\.repo.yaml
16:35:54 INFO  : Successfully validated template hello_world
16:35:56 INFO  : lopper command to create baremetal application :empyro.bat create_app --src_dir D:\TUCN\UTCN\Third_Year\SSC\Lab\L5\hello_world\src -t hello_world -d D:\TUCN\UTCN\Third_Year\SSC\Lab\L5\LAB5_platform\export\LAB5_platform\sw\standalone_ps7_cortexa9_0 -n hello_world -r D:\TUCN\UTCN\Third_Year\SSC\Lab\L5\_ide\.wsdata\.repo.yaml
16:35:56 INFO  : cmd.exe, /C, empyro.bat validate_bsp -t hello_world -d D:\TUCN\UTCN\Third_Year\SSC\Lab\L5\LAB5_platform\export\LAB5_platform\sw\standalone_ps7_cortexa9_0 -r D:\TUCN\UTCN\Third_Year\SSC\Lab\L5\_ide\.wsdata\.repo.yaml
16:35:59 INFO  : Successfully validated template hello_world
16:35:59 INFO  : cmd.exe, /C, empyro.bat create_app --src_dir D:\TUCN\UTCN\Third_Year\SSC\Lab\L5\hello_world\src -t hello_world -d D:\TUCN\UTCN\Third_Year\SSC\Lab\L5\LAB5_platform\export\LAB5_platform\sw\standalone_ps7_cortexa9_0 -n hello_world -r D:\TUCN\UTCN\Third_Year\SSC\Lab\L5\_ide\.wsdata\.repo.yaml
16:36:06 INFO  : [INFO]: Generating Hardware Metadata for hello_world
16:36:06 INFO  : [INFO]: Generating Linker script for hello_world
16:36:06 INFO  : [INFO]: Successfully Created Application sources at D:/TUCN/UTCN/Third_Year/SSC/Lab/L5/hello_world/src
16:36:06 INFO  : Successfully created Application D:\TUCN\UTCN\Third_Year\SSC\Lab\L5\hello_world\src
16:36:06 INFO  : The hardware specification used by project 'D:\TUCN\UTCN\Third_Year\SSC\Lab\L5\hello_world' is out of sync with the platform. Resource files extracted from the hardware specification will be updated.
16:36:06 INFO  : The updated bitstream files are copied from platform to folder 'D:\TUCN\UTCN\Third_Year\SSC\Lab\L5\hello_world\_ide\bitstream' in project 'D:\TUCN\UTCN\Third_Year\SSC\Lab\L5\hello_world'.
16:36:06 INFO  : The updated ps init files are copied from platform to folder 'D:\TUCN\UTCN\Third_Year\SSC\Lab\L5\hello_world\_ide\psinit' in project 'D:\TUCN\UTCN\Third_Year\SSC\Lab\L5\hello_world'.
16:36:06 INFO  : created .gitignore file for the project D:\TUCN\UTCN\Third_Year\SSC\Lab\L5\hello_world
16:37:16 INFO  : BSP build will be initiated for Domain zynq_fsbl
16:37:16 INFO  : BSP build will be initiated for Domain standalone_ps7_cortexa9_0
16:37:16 INFO  : Generating BSP for the domain D:\TUCN\UTCN\Third_Year\SSC\Lab\L5\LAB5_platform\ps7_cortexa9_0\standalone_ps7_cortexa9_0\bsp
16:37:16 INFO  : Generating BSP for the domain D:\TUCN\UTCN\Third_Year\SSC\Lab\L5\LAB5_platform\zynq_fsbl\zynq_fsbl_bsp
16:37:16 INFO  : lopper command to reconfigure BSP :empyro.bat reconfig_bsp -d D:\TUCN\UTCN\Third_Year\SSC\Lab\L5\LAB5_platform\ps7_cortexa9_0\standalone_ps7_cortexa9_0\bsp
16:37:16 INFO  : lopper command to reconfigure BSP :empyro.bat reconfig_bsp -d D:\TUCN\UTCN\Third_Year\SSC\Lab\L5\LAB5_platform\zynq_fsbl\zynq_fsbl_bsp
16:37:16 INFO  : cmd.exe, /C, empyro.bat reconfig_bsp -d D:\TUCN\UTCN\Third_Year\SSC\Lab\L5\LAB5_platform\zynq_fsbl\zynq_fsbl_bsp
16:37:16 INFO  : cmd.exe, /C, empyro.bat reconfig_bsp -d D:\TUCN\UTCN\Third_Year\SSC\Lab\L5\LAB5_platform\ps7_cortexa9_0\standalone_ps7_cortexa9_0\bsp
16:37:17 INFO  : Domain reconfigured successfully
16:37:17 INFO  : Generating BSP for the domain D:\TUCN\UTCN\Third_Year\SSC\Lab\L5\LAB5_platform\ps7_cortexa9_0\standalone_ps7_cortexa9_0\bsp
16:37:17 INFO  : lopper command to build BSP :empyro.bat build_bsp -d D:\TUCN\UTCN\Third_Year\SSC\Lab\L5\LAB5_platform\ps7_cortexa9_0\standalone_ps7_cortexa9_0\bsp
16:37:17 INFO  : cmd.exe, /C, empyro.bat build_bsp -d D:\TUCN\UTCN\Third_Year\SSC\Lab\L5\LAB5_platform\ps7_cortexa9_0\standalone_ps7_cortexa9_0\bsp
16:37:17 INFO  : Domain reconfigured successfully
16:37:17 INFO  : Generating BSP for the domain D:\TUCN\UTCN\Third_Year\SSC\Lab\L5\LAB5_platform\zynq_fsbl\zynq_fsbl_bsp
16:37:17 INFO  : lopper command to build BSP :empyro.bat build_bsp -d D:\TUCN\UTCN\Third_Year\SSC\Lab\L5\LAB5_platform\zynq_fsbl\zynq_fsbl_bsp
16:37:17 INFO  : cmd.exe, /C, empyro.bat build_bsp -d D:\TUCN\UTCN\Third_Year\SSC\Lab\L5\LAB5_platform\zynq_fsbl\zynq_fsbl_bsp
16:37:43 INFO  : Domain build successfully
16:37:44 INFO  : Domain build successfully
16:37:44 INFO  : Generating Boot ELFs
16:37:44 INFO  : lopper command to retarget baremetal application :empyro.bat retarget_app -s D:\TUCN\UTCN\Third_Year\SSC\Lab\L5\LAB5_platform\zynq_fsbl -d D:\TUCN\UTCN\Third_Year\SSC\Lab\L5\LAB5_platform\zynq_fsbl\zynq_fsbl_bsp -b D:\TUCN\UTCN\Third_Year\SSC\Lab\L5\LAB5_platform\zynq_fsbl\build
16:37:44 INFO  : cmd.exe, /C, empyro.bat retarget_app -s D:\TUCN\UTCN\Third_Year\SSC\Lab\L5\LAB5_platform\zynq_fsbl -d D:\TUCN\UTCN\Third_Year\SSC\Lab\L5\LAB5_platform\zynq_fsbl\zynq_fsbl_bsp -b D:\TUCN\UTCN\Third_Year\SSC\Lab\L5\LAB5_platform\zynq_fsbl\build
16:37:46 INFO  : [INFO]: Retargeting app
16:37:46 INFO  : [INFO]: Updating link libraries based on new domain
16:37:46 INFO  : Successfully retargeted Application D:\TUCN\UTCN\Third_Year\SSC\Lab\L5\LAB5_platform\zynq_fsbl
16:37:46 INFO  : lopper command to build baremetal application :empyro.bat build_app --src_dir D:\TUCN\UTCN\Third_Year\SSC\Lab\L5\LAB5_platform\zynq_fsbl --build_dir D:\TUCN\UTCN\Third_Year\SSC\Lab\L5\LAB5_platform\zynq_fsbl\build
16:37:46 INFO  : cmd.exe, /C, empyro.bat build_app --src_dir D:\TUCN\UTCN\Third_Year\SSC\Lab\L5\LAB5_platform\zynq_fsbl --build_dir D:\TUCN\UTCN\Third_Year\SSC\Lab\L5\LAB5_platform\zynq_fsbl\build
16:37:54 INFO  : Successfully building the baremetal applicationD:\TUCN\UTCN\Third_Year\SSC\Lab\L5\LAB5_platform\zynq_fsbl\build
16:37:54 INFO  : Generating Export directory
16:37:55 INFO  : Platform Build Finished successfully.
16:37:55 INFO  : lopper command to retarget baremetal application :empyro.bat retarget_app -s d:\TUCN\UTCN\Third_Year\SSC\Lab\L5\hello_world\src -d D:\TUCN\UTCN\Third_Year\SSC\Lab\L5\LAB5_platform\export\LAB5_platform\sw\standalone_ps7_cortexa9_0 -b d:\TUCN\UTCN\Third_Year\SSC\Lab\L5\hello_world\build
16:37:55 INFO  : cmd.exe, /C, empyro.bat retarget_app -s d:\TUCN\UTCN\Third_Year\SSC\Lab\L5\hello_world\src -d D:\TUCN\UTCN\Third_Year\SSC\Lab\L5\LAB5_platform\export\LAB5_platform\sw\standalone_ps7_cortexa9_0 -b d:\TUCN\UTCN\Third_Year\SSC\Lab\L5\hello_world\build
16:37:56 INFO  : [INFO]: Retargeting app
16:37:56 INFO  : [INFO]: Updating link libraries based on new domain
16:37:56 INFO  : Successfully retargeted Application d:\TUCN\UTCN\Third_Year\SSC\Lab\L5\hello_world\src
16:37:56 INFO  : cmd.exe, /C, empyro.bat build_app -s d:\TUCN\UTCN\Third_Year\SSC\Lab\L5\hello_world\src -b d:\TUCN\UTCN\Third_Year\SSC\Lab\L5\hello_world\build
16:43:46 INFO  : BSP build will be initiated for Domain zynq_fsbl
16:43:46 INFO  : BSP build will be initiated for Domain standalone_ps7_cortexa9_0
16:43:46 INFO  : Generating BSP for the domain D:\TUCN\UTCN\Third_Year\SSC\Lab\L5\LAB5_platform\zynq_fsbl\zynq_fsbl_bsp
16:43:46 INFO  : Generating BSP for the domain D:\TUCN\UTCN\Third_Year\SSC\Lab\L5\LAB5_platform\ps7_cortexa9_0\standalone_ps7_cortexa9_0\bsp
16:43:46 INFO  : lopper command to reconfigure BSP :empyro.bat reconfig_bsp -d D:\TUCN\UTCN\Third_Year\SSC\Lab\L5\LAB5_platform\zynq_fsbl\zynq_fsbl_bsp
16:43:46 INFO  : lopper command to reconfigure BSP :empyro.bat reconfig_bsp -d D:\TUCN\UTCN\Third_Year\SSC\Lab\L5\LAB5_platform\ps7_cortexa9_0\standalone_ps7_cortexa9_0\bsp
16:43:46 INFO  : cmd.exe, /C, empyro.bat reconfig_bsp -d D:\TUCN\UTCN\Third_Year\SSC\Lab\L5\LAB5_platform\ps7_cortexa9_0\standalone_ps7_cortexa9_0\bsp
16:43:46 INFO  : cmd.exe, /C, empyro.bat reconfig_bsp -d D:\TUCN\UTCN\Third_Year\SSC\Lab\L5\LAB5_platform\zynq_fsbl\zynq_fsbl_bsp
16:43:46 INFO  : Domain reconfigured successfully
16:43:46 INFO  : Generating BSP for the domain D:\TUCN\UTCN\Third_Year\SSC\Lab\L5\LAB5_platform\ps7_cortexa9_0\standalone_ps7_cortexa9_0\bsp
16:43:46 INFO  : lopper command to build BSP :empyro.bat build_bsp -d D:\TUCN\UTCN\Third_Year\SSC\Lab\L5\LAB5_platform\ps7_cortexa9_0\standalone_ps7_cortexa9_0\bsp
16:43:46 INFO  : cmd.exe, /C, empyro.bat build_bsp -d D:\TUCN\UTCN\Third_Year\SSC\Lab\L5\LAB5_platform\ps7_cortexa9_0\standalone_ps7_cortexa9_0\bsp
16:43:46 INFO  : Domain reconfigured successfully
16:43:46 INFO  : Generating BSP for the domain D:\TUCN\UTCN\Third_Year\SSC\Lab\L5\LAB5_platform\zynq_fsbl\zynq_fsbl_bsp
16:43:46 INFO  : lopper command to build BSP :empyro.bat build_bsp -d D:\TUCN\UTCN\Third_Year\SSC\Lab\L5\LAB5_platform\zynq_fsbl\zynq_fsbl_bsp
16:43:46 INFO  : cmd.exe, /C, empyro.bat build_bsp -d D:\TUCN\UTCN\Third_Year\SSC\Lab\L5\LAB5_platform\zynq_fsbl\zynq_fsbl_bsp
16:43:48 INFO  : Domain build successfully
16:43:48 INFO  : Domain build successfully
16:43:48 INFO  : Generating Boot ELFs
16:43:48 INFO  : lopper command to retarget baremetal application :empyro.bat retarget_app -s D:\TUCN\UTCN\Third_Year\SSC\Lab\L5\LAB5_platform\zynq_fsbl -d D:\TUCN\UTCN\Third_Year\SSC\Lab\L5\LAB5_platform\zynq_fsbl\zynq_fsbl_bsp -b D:\TUCN\UTCN\Third_Year\SSC\Lab\L5\LAB5_platform\zynq_fsbl\build
16:43:48 INFO  : cmd.exe, /C, empyro.bat retarget_app -s D:\TUCN\UTCN\Third_Year\SSC\Lab\L5\LAB5_platform\zynq_fsbl -d D:\TUCN\UTCN\Third_Year\SSC\Lab\L5\LAB5_platform\zynq_fsbl\zynq_fsbl_bsp -b D:\TUCN\UTCN\Third_Year\SSC\Lab\L5\LAB5_platform\zynq_fsbl\build
16:43:49 INFO  : [INFO]: Retargeting app
16:43:49 INFO  : [INFO]: Updating link libraries based on new domain
16:43:49 INFO  : Successfully retargeted Application D:\TUCN\UTCN\Third_Year\SSC\Lab\L5\LAB5_platform\zynq_fsbl
16:43:49 INFO  : lopper command to build baremetal application :empyro.bat build_app --src_dir D:\TUCN\UTCN\Third_Year\SSC\Lab\L5\LAB5_platform\zynq_fsbl --build_dir D:\TUCN\UTCN\Third_Year\SSC\Lab\L5\LAB5_platform\zynq_fsbl\build
16:43:49 INFO  : cmd.exe, /C, empyro.bat build_app --src_dir D:\TUCN\UTCN\Third_Year\SSC\Lab\L5\LAB5_platform\zynq_fsbl --build_dir D:\TUCN\UTCN\Third_Year\SSC\Lab\L5\LAB5_platform\zynq_fsbl\build
16:43:52 INFO  : Successfully building the baremetal applicationD:\TUCN\UTCN\Third_Year\SSC\Lab\L5\LAB5_platform\zynq_fsbl\build
16:43:52 INFO  : Generating Export directory
16:43:52 INFO  : Platform Build Finished successfully.
16:43:52 INFO  : lopper command to retarget baremetal application :empyro.bat retarget_app -s d:\TUCN\UTCN\Third_Year\SSC\Lab\L5\hello_world\src -d D:\TUCN\UTCN\Third_Year\SSC\Lab\L5\LAB5_platform\export\LAB5_platform\sw\standalone_ps7_cortexa9_0 -b d:\TUCN\UTCN\Third_Year\SSC\Lab\L5\hello_world\build
16:43:52 INFO  : cmd.exe, /C, empyro.bat retarget_app -s d:\TUCN\UTCN\Third_Year\SSC\Lab\L5\hello_world\src -d D:\TUCN\UTCN\Third_Year\SSC\Lab\L5\LAB5_platform\export\LAB5_platform\sw\standalone_ps7_cortexa9_0 -b d:\TUCN\UTCN\Third_Year\SSC\Lab\L5\hello_world\build
16:43:53 INFO  : [INFO]: Retargeting app
16:43:53 INFO  : [INFO]: Updating link libraries based on new domain
16:43:53 INFO  : Successfully retargeted Application d:\TUCN\UTCN\Third_Year\SSC\Lab\L5\hello_world\src
16:43:53 INFO  : cmd.exe, /C, empyro.bat build_app -s d:\TUCN\UTCN\Third_Year\SSC\Lab\L5\hello_world\src -b d:\TUCN\UTCN\Third_Year\SSC\Lab\L5\hello_world\build
16:43:53 ERROR : hello_world build failed. 
16:45:17 INFO  : BSP build will be initiated for Domain zynq_fsbl
16:45:17 INFO  : BSP build will be initiated for Domain standalone_ps7_cortexa9_0
16:45:17 INFO  : Generating BSP for the domain D:\TUCN\UTCN\Third_Year\SSC\Lab\L5\LAB5_platform\ps7_cortexa9_0\standalone_ps7_cortexa9_0\bsp
16:45:17 INFO  : Generating BSP for the domain D:\TUCN\UTCN\Third_Year\SSC\Lab\L5\LAB5_platform\zynq_fsbl\zynq_fsbl_bsp
16:45:17 INFO  : lopper command to reconfigure BSP :empyro.bat reconfig_bsp -d D:\TUCN\UTCN\Third_Year\SSC\Lab\L5\LAB5_platform\ps7_cortexa9_0\standalone_ps7_cortexa9_0\bsp
16:45:17 INFO  : lopper command to reconfigure BSP :empyro.bat reconfig_bsp -d D:\TUCN\UTCN\Third_Year\SSC\Lab\L5\LAB5_platform\zynq_fsbl\zynq_fsbl_bsp
16:45:17 INFO  : cmd.exe, /C, empyro.bat reconfig_bsp -d D:\TUCN\UTCN\Third_Year\SSC\Lab\L5\LAB5_platform\ps7_cortexa9_0\standalone_ps7_cortexa9_0\bsp
16:45:17 INFO  : cmd.exe, /C, empyro.bat reconfig_bsp -d D:\TUCN\UTCN\Third_Year\SSC\Lab\L5\LAB5_platform\zynq_fsbl\zynq_fsbl_bsp
16:45:18 INFO  : Domain reconfigured successfully
16:45:18 INFO  : Generating BSP for the domain D:\TUCN\UTCN\Third_Year\SSC\Lab\L5\LAB5_platform\ps7_cortexa9_0\standalone_ps7_cortexa9_0\bsp
16:45:18 INFO  : lopper command to build BSP :empyro.bat build_bsp -d D:\TUCN\UTCN\Third_Year\SSC\Lab\L5\LAB5_platform\ps7_cortexa9_0\standalone_ps7_cortexa9_0\bsp
16:45:18 INFO  : cmd.exe, /C, empyro.bat build_bsp -d D:\TUCN\UTCN\Third_Year\SSC\Lab\L5\LAB5_platform\ps7_cortexa9_0\standalone_ps7_cortexa9_0\bsp
16:45:18 INFO  : Domain reconfigured successfully
16:45:18 INFO  : Generating BSP for the domain D:\TUCN\UTCN\Third_Year\SSC\Lab\L5\LAB5_platform\zynq_fsbl\zynq_fsbl_bsp
16:45:18 INFO  : lopper command to build BSP :empyro.bat build_bsp -d D:\TUCN\UTCN\Third_Year\SSC\Lab\L5\LAB5_platform\zynq_fsbl\zynq_fsbl_bsp
16:45:18 INFO  : cmd.exe, /C, empyro.bat build_bsp -d D:\TUCN\UTCN\Third_Year\SSC\Lab\L5\LAB5_platform\zynq_fsbl\zynq_fsbl_bsp
16:45:19 INFO  : Domain build successfully
16:45:19 INFO  : Domain build successfully
16:45:19 INFO  : Generating Boot ELFs
16:45:19 INFO  : lopper command to retarget baremetal application :empyro.bat retarget_app -s D:\TUCN\UTCN\Third_Year\SSC\Lab\L5\LAB5_platform\zynq_fsbl -d D:\TUCN\UTCN\Third_Year\SSC\Lab\L5\LAB5_platform\zynq_fsbl\zynq_fsbl_bsp -b D:\TUCN\UTCN\Third_Year\SSC\Lab\L5\LAB5_platform\zynq_fsbl\build
16:45:19 INFO  : cmd.exe, /C, empyro.bat retarget_app -s D:\TUCN\UTCN\Third_Year\SSC\Lab\L5\LAB5_platform\zynq_fsbl -d D:\TUCN\UTCN\Third_Year\SSC\Lab\L5\LAB5_platform\zynq_fsbl\zynq_fsbl_bsp -b D:\TUCN\UTCN\Third_Year\SSC\Lab\L5\LAB5_platform\zynq_fsbl\build
16:45:20 INFO  : [INFO]: Retargeting app
16:45:20 INFO  : [INFO]: Updating link libraries based on new domain
16:45:20 INFO  : Successfully retargeted Application D:\TUCN\UTCN\Third_Year\SSC\Lab\L5\LAB5_platform\zynq_fsbl
16:45:20 INFO  : lopper command to build baremetal application :empyro.bat build_app --src_dir D:\TUCN\UTCN\Third_Year\SSC\Lab\L5\LAB5_platform\zynq_fsbl --build_dir D:\TUCN\UTCN\Third_Year\SSC\Lab\L5\LAB5_platform\zynq_fsbl\build
16:45:20 INFO  : cmd.exe, /C, empyro.bat build_app --src_dir D:\TUCN\UTCN\Third_Year\SSC\Lab\L5\LAB5_platform\zynq_fsbl --build_dir D:\TUCN\UTCN\Third_Year\SSC\Lab\L5\LAB5_platform\zynq_fsbl\build
16:45:23 INFO  : Successfully building the baremetal applicationD:\TUCN\UTCN\Third_Year\SSC\Lab\L5\LAB5_platform\zynq_fsbl\build
16:45:23 INFO  : Generating Export directory
16:45:23 INFO  : Platform Build Finished successfully.
16:45:23 INFO  : lopper command to retarget baremetal application :empyro.bat retarget_app -s d:\TUCN\UTCN\Third_Year\SSC\Lab\L5\hello_world\src -d D:\TUCN\UTCN\Third_Year\SSC\Lab\L5\LAB5_platform\export\LAB5_platform\sw\standalone_ps7_cortexa9_0 -b d:\TUCN\UTCN\Third_Year\SSC\Lab\L5\hello_world\build
16:45:23 INFO  : cmd.exe, /C, empyro.bat retarget_app -s d:\TUCN\UTCN\Third_Year\SSC\Lab\L5\hello_world\src -d D:\TUCN\UTCN\Third_Year\SSC\Lab\L5\LAB5_platform\export\LAB5_platform\sw\standalone_ps7_cortexa9_0 -b d:\TUCN\UTCN\Third_Year\SSC\Lab\L5\hello_world\build
16:45:24 INFO  : [INFO]: Retargeting app
16:45:24 INFO  : [INFO]: Updating link libraries based on new domain
16:45:24 INFO  : Successfully retargeted Application d:\TUCN\UTCN\Third_Year\SSC\Lab\L5\hello_world\src
16:45:24 INFO  : cmd.exe, /C, empyro.bat build_app -s d:\TUCN\UTCN\Third_Year\SSC\Lab\L5\hello_world\src -b d:\TUCN\UTCN\Third_Year\SSC\Lab\L5\hello_world\build
16:46:50 INFO  : connection terminated
16:46:50 INFO  : connection terminated
16:46:50 INFO  : scheduling shutdown timer for 2 seconds ...
16:46:53 INFO  : Terminating Vitis C++ Server
16:46:53 INFO  : Vitis C++ Server terminated
19:27:27 INFO  : updated workspace path: D:\TUCN\UTCN\Third_Year\SSC\Lab\L5
19:27:29 INFO  : Embedded Template List generated successfully
19:27:29 INFO  : cmd.exe, /C, empyro.bat get_template_data -d C:\Users\totha\AppData\Local\Temp\rigel_lopper_totha4402745094326152940 -r D:\TUCN\UTCN\Third_Year\SSC\Lab\L5\_ide\.wsdata\.repo.yaml
19:27:30 INFO  : Embedded Template List generated successfully
19:27:43 INFO  : connect -url tcp:127.0.0.1:3121
19:27:46 INFO  : bpremove -all
19:27:46 INFO  : Context for 'APU' is selected.
19:27:46 INFO  : System reset is completed.
19:27:49 INFO  : 'after 3000' command is executed.
19:27:49 INFO  : 'targets -set -filter {jtag_cable_name =~ "Digilent Zybo Z7 210351B803A7A" && level==0 && jtag_device_ctx=="jsn-Zybo Z7-210351B803A7A-13722093-0"}' command is executed.
19:27:50 INFO  : Device configured successfully with "D:/TUCN/UTCN/Third_Year/SSC/Lab/L5/hello_world/_ide/bitstream/design_1_wrapper.bit"
19:27:50 INFO  : targets -set -nocase -filter {name =~"APU*" && jtag_cable_name =~ "Digilent Zybo Z7 210351B803A7A" && jtag_device_ctx=="jsn-Zybo Z7-210351B803A7A-4ba00477-0"}
19:27:50 INFO  : loadhw -hw D:/TUCN/UTCN/Third_Year/SSC/Lab/L5/LAB5_platform/export/LAB5_platform/hw/design_1_wrapper.xsa -mem-ranges [list {0x40000000 0xbfffffff}]
19:27:50 INFO  : configparams force-mem-access 1
19:27:50 INFO  : targets -set -nocase -filter {name =~"APU*" && jtag_cable_name =~ "Digilent Zybo Z7 210351B803A7A" && jtag_device_ctx=="jsn-Zybo Z7-210351B803A7A-4ba00477-0"}
19:27:50 INFO  : source D:/TUCN/UTCN/Third_Year/SSC/Lab/L5/hello_world/_ide/psinit/ps7_init.tcl
19:27:51 INFO  : ps7_init
19:27:51 INFO  : ps7_post_config
19:27:51 INFO  : targets -set -nocase -filter {name =~ "*A9*#0" && jtag_cable_name =~ "Digilent Zybo Z7 210351B803A7A" && jtag_device_ctx=="jsn-Zybo Z7-210351B803A7A-4ba00477-0"}
19:27:51 INFO  : rst -processor
19:27:51 INFO  : dow D:/TUCN/UTCN/Third_Year/SSC/Lab/L5/hello_world/build/hello_world.elf
19:27:51 INFO  : con
19:27:51 INFO  : configparams force-mem-access 0
19:27:53 INFO  : Testing the connection for 127.0.0.1
19:36:25 INFO  : disconnect
19:36:29 INFO  : connect -url tcp:127.0.0.1:3121
19:36:29 INFO  : bpremove -all
19:36:29 INFO  : Context for 'APU' is selected.
19:36:29 INFO  : System reset is completed.
19:36:32 INFO  : 'after 3000' command is executed.
19:36:32 INFO  : 'targets -set -filter {jtag_cable_name =~ "Digilent Zybo Z7 210351B803A7A" && level==0 && jtag_device_ctx=="jsn-Zybo Z7-210351B803A7A-13722093-0"}' command is executed.
19:36:33 INFO  : Device configured successfully with "D:/TUCN/UTCN/Third_Year/SSC/Lab/L5/hello_world/_ide/bitstream/design_1_wrapper.bit"
19:36:33 INFO  : targets -set -nocase -filter {name =~"APU*" && jtag_cable_name =~ "Digilent Zybo Z7 210351B803A7A" && jtag_device_ctx=="jsn-Zybo Z7-210351B803A7A-4ba00477-0"}
19:36:36 INFO  : loadhw -hw D:/TUCN/UTCN/Third_Year/SSC/Lab/L5/LAB5_platform/export/LAB5_platform/hw/design_1_wrapper.xsa -mem-ranges [list {0x40000000 0xbfffffff}]
19:36:36 INFO  : configparams force-mem-access 1
19:36:36 INFO  : targets -set -nocase -filter {name =~"APU*" && jtag_cable_name =~ "Digilent Zybo Z7 210351B803A7A" && jtag_device_ctx=="jsn-Zybo Z7-210351B803A7A-4ba00477-0"}
19:36:36 INFO  : source D:/TUCN/UTCN/Third_Year/SSC/Lab/L5/hello_world/_ide/psinit/ps7_init.tcl
19:36:37 INFO  : ps7_init
19:36:37 INFO  : ps7_post_config
19:36:37 INFO  : targets -set -nocase -filter {name =~ "*A9*#0" && jtag_cable_name =~ "Digilent Zybo Z7 210351B803A7A" && jtag_device_ctx=="jsn-Zybo Z7-210351B803A7A-4ba00477-0"}
19:36:37 INFO  : rst -processor
19:36:37 INFO  : dow D:/TUCN/UTCN/Third_Year/SSC/Lab/L5/hello_world/build/hello_world.elf
19:36:37 INFO  : con
19:36:37 INFO  : configparams force-mem-access 0
19:36:38 INFO  : Testing the connection for 127.0.0.1
19:38:02 INFO  : disconnect
19:39:29 INFO  : connection terminated
19:39:29 INFO  : connection terminated
19:39:29 INFO  : scheduling shutdown timer for 2 seconds ...
19:39:31 INFO  : Terminating Vitis C++ Server
19:39:31 INFO  : Vitis C++ Server terminated
11:23:51 INFO  : updated workspace path: D:\TUCN\UTCN\Third_Year\SSC\Lab\L5
11:23:51 INFO  : connection ready
11:23:51 INFO  : Embedded Template List generated successfully
11:23:51 INFO  : cmd.exe, /C, empyro.bat get_template_data -d C:\Users\totha\AppData\Local\Temp\rigel_lopper_totha3492470010703655848 -r D:\TUCN\UTCN\Third_Year\SSC\Lab\L5\_ide\.wsdata\.repo.yaml
11:23:52 INFO  : Embedded Template List generated successfully
11:53:53 INFO  : connection terminated
18:00:46 INFO  : cmd.exe, /C, empyro.bat get_template_data -d C:\Users\totha\AppData\Local\Temp\rigel_lopper_totha13625433921032282152 -r D:\TUCN\UTCN\Third_Year\SSC\Lab\L5\_ide\.wsdata\.repo.yaml
18:00:47 INFO  : created .gitignore file for the project D:\TUCN\UTCN\Third_Year\SSC\Lab\L3
18:37:31 INFO  : updated workspace path: D:\TUCN\UTCN\Third_Year\SSC\Lab\L5
18:37:31 INFO  : connection ready
18:37:31 INFO  : Embedded Template List generated successfully
18:37:31 INFO  : cmd.exe, /C, empyro.bat get_template_data -d C:\Users\totha\AppData\Local\Temp\rigel_lopper_totha11474762045604556627 -r D:\TUCN\UTCN\Third_Year\SSC\Lab\L5\_ide\.wsdata\.repo.yaml
18:37:32 INFO  : Embedded Template List generated successfully
18:52:02 INFO  : connection terminated
18:52:02 INFO  : connection terminated
18:52:02 INFO  : scheduling shutdown timer for 2 seconds ...
18:52:04 INFO  : Terminating Vitis C++ Server
18:52:04 INFO  : Vitis C++ Server terminated
18:12:41 INFO  : updated workspace path: D:\TUCN\UTCN\Third_Year\SSC\Lab\L5
18:12:41 INFO  : created .gitignore file for the project D:\TUCN\UTCN\Third_Year\SSC\Lab\L5
18:12:48 INFO  : [INFO]: Initializing repositories
18:12:48 INFO  : [INFO]: Successfully set the EmbeddedSW path, refer .repo.yaml for more details.
18:12:48 INFO  : Successfully created repository data at C:\Users\totha\AppData\Local\Temp\rigel_lopper_totha18416546809522404495
18:12:48 INFO  : cmd.exe, /C, empyro.bat get_template_data -d C:\Users\totha\AppData\Local\Temp\rigel_lopper_totha1839215364902668034 -r C:\Users\totha\AppData\Local\Temp\rigel_lopper_totha18416546809522404495\.repo.yaml
18:12:49 INFO  : Embedded Template List generated successfully
18:12:56 INFO  : cmd.exe, /C, empyro.bat get_template_data -d C:\Users\totha\AppData\Local\Temp\rigel_lopper_totha16497058697550588137 -r D:\TUCN\UTCN\Third_Year\SSC\Lab\L5\_ide\.wsdata\.repo.yaml
18:13:00 INFO  : Embedded Template List generated successfully
18:22:12 INFO  : connection terminated
18:22:12 INFO  : connection terminated
18:22:12 INFO  : scheduling shutdown timer for 2 seconds ...
