Vivado Simulator v2025.1.0
Copyright 1986-2022 Xilinx, Inc. All Rights Reserved.
Copyright 2022-2025 Advanced Micro Devices, Inc. All Rights Reserved.
Running: D:/Xilinx/2025.1/Vivado/bin/unwrapped/win64.o/xelab.exe --incr --debug typical --relax --mt 2 -L xil_defaultlib -L axis_infrastructure_v1_1_1 -L axis_data_fifo_v2_0_17 -L unisims_ver -L unimacro_ver -L secureip -L xpm --snapshot top_tb_behav xil_defaultlib.top_tb xil_defaultlib.glbl -log elaborate.log 
Using 2 slave threads.
Starting static elaboration
Pass Through NonSizing Optimizer
Completed static elaboration
Starting simulation data flow analysis
Completed simulation data flow analysis
Time Resolution for simulation is 1ps
Compiling package std.standard
Compiling package std.textio
Compiling package ieee.std_logic_1164
Compiling package ieee.numeric_std
Compiling package ieee.std_logic_arith
Compiling package ieee.std_logic_unsigned
Compiling package vl.vl_types
Compiling module xil_defaultlib.glbl
Compiling architecture behavioral of entity xil_defaultlib.MPG [\MPG(debounce_ms=0)\]
Compiling architecture rtl of entity xil_defaultlib.axis_transmitter [axis_transmitter_default]
Compiling module axis_infrastructure_v1_1_1.axis_infrastructure_v1_1_1_util_...
Compiling module axis_infrastructure_v1_1_1.axis_infrastructure_v1_1_1_util_...
Compiling module axis_infrastructure_v1_1_1.axis_infrastructure_v1_1_1_util_...
Compiling module xpm.xpm_cdc_sync_rst(INIT=0,INIT_SYN...
Compiling module xpm.xpm_fifo_rst(CDC_DEST_SYNC_FF=3)
Compiling module xpm.xpm_fifo_reg_bit
Compiling module xpm.xpm_counter_updn(COUNTER_WIDTH=6...
Compiling module xpm.xpm_counter_updn(COUNTER_WIDTH=5...
Compiling module xpm.xpm_memory_base(MEMORY_TYPE=1,ME...
Compiling module xpm.xpm_counter_updn(COUNTER_WIDTH=2...
Compiling module xpm.xpm_fifo_base(FIFO_WRITE_DEPTH=3...
Compiling module xpm.xpm_fifo_axis(FIFO_DEPTH=32,TDAT...
Compiling module axis_data_fifo_v2_0_17.axis_data_fifo_v2_0_17_top(C_FAM...
Compiling module xil_defaultlib.axis_data_fifo_0
Compiling architecture behavioral of entity xil_defaultlib.axis_receiver [\axis_receiver(timeout_n=5000000...]
Compiling architecture behavioral of entity xil_defaultlib.top [top_default]
Compiling architecture sim of entity xil_defaultlib.top_tb
Built simulation snapshot top_tb_behav
