Unable to capture context for thread 16860 in process 16792, can not generate back trace
Unable to capture context for thread 12316 in process 16792, can not generate back trace
Unable to capture context for thread 16484 in process 16792, can not generate back trace
Unable to capture context for thread 16860 in process 16792, can not generate back trace
Unable to capture context for thread 16484 in process 16792, can not generate back trace
Exception at PC 0x00007FFC5F70BA99
Exception at PC 0x00007FFBAE0DBB93
Printing stacktrace...

Exception at PC 0x00007FFC5F70BA99
Exception at PC 0x00007FFC5F70BA99
Exception at PC 0x00007FFC5F70BA99
Exception at PC 0x00007FFC5F70BA99
Exception at PC 0x00007FFC5F70BA99
Exception at PC 0x00007FFC5F70BA99
Exception at PC 0x00007FFC5F70BA99
Exception at PC 0x00007FFC5F70BA99
Exception at PC 0x00007FFC5F70BA99
Exception at PC 0x00007FFC5F70BA99
Exception at PC 0x00007FFC5F70BA99
Exception at PC 0x00007FFC5F70BA99
Exception at PC 0x00007FFC5F70BA99
Exception at PC 0x00007FFC5F70BA99
Exception at PC 0x00007FFC5F70BA99
Exception at PC 0x00007FFC5F70BA99
Exception at PC 0x00007FFC5F70BA99
[0]  [0x00007FFBAE0DBB93]
[1]  [0x00007FFBAE0DBB93]
[2]  [0x00007FFBAE0DB4A1]
[3]  [0x00007FFBAE0DB3EF]
[4]  [0x00007FFBAE0C19FE]
[5]  [0x00007FFBAE0C0ED1]
[6]  [0x00007FFBAE0C0D76]
[7]  [0x00007FFBAE0679F6]
[8]  [0x00007FFBAE057AFB]
[9]  [0x00007FFBAE17E90A]
[10]  [0x00007FFBAE199F87]
[11]  [0x00007FFBAE19A05F]
[12] (BaseThreadInitThunk+0x14) [0x00007FFC5FA27344]
[13] (RtlUserThreadStart+0x21) [0x00007FFC61A026B1]
Done
