2025-11-26 18:52:22 [info] : [Platform Server] Creating platform platform  output stream finished - platform. 
2025-11-26 18:54:11 [info] : [Platform Server] Generate platform output stream finished - platform. 
2025-11-26 19:04:16 [info] : [Platform Server] Generate platform output stream finished - platform. 
2025-11-26 19:04:20 [info] : [Build Server] Build output stream finished - hello_world::. 
2025-11-26 19:10:13 [info] : [Debug Manager] Successfully verified the target connection used  Local 
2025-11-26 19:10:13 [info] : [Debug Manager] Starting launch in 'run' mode using configuration: {"type":"tcf-debug","request":"launch","name":"hello_world_app_hw_1","debugType":"baremetal-zynq","attachToRunningTargetOptions":{"targetSetupMode":"standalone","executeScript":true,"scriptPath":""},"autoAttachProcessChildren":false,"target":{"targetConnectionId":"Local","peersIniPath":"../../_ide/.peers.ini","context":"zynq"},"pathMap":[],"targetSetup":{"resetSystem":true,"programDevice":true,"partialBitstream":false,"skipRevisionCheck":false,"device":{"plDevice":"Auto Detect","psDevice":"Auto Detect"},"resetAPU":false,"bitstreamFile":"${workspaceFolder}\\hello_world\\_ide\\bitstream\\hdmi_wrapper.bit","zynqInitialization":{"isFsbl":false,"usingFSBL":{"initWithFSBL":true,"fsblFile":"${workspaceFolder}\\platform\\export\\platform\\sw\\boot\\fsbl.elf","fsblExitSymbol":"FsblHandoffJtagExit"},"usingPs7Init":{"runPs7Init":true,"runPs7PostInit":true,"ps7InitTclFile":"${workspaceFolder}\\hello_world\\_ide\\psinit\\ps7_init.tcl"}},"downloadElf":[{"core":"ps7_cortexa9_0","resetProcessor":true,"elfFile":"${workspaceFolder}\\hello_world\\build\\hello_world.elf","stopAtEntry":false,"isSelfRelocatingApp":false,"relativeAddress":""}],"crossTriggerBreakpoints":{"isSelected":false,"breakpoints":[]}},"internalConsoleOptions":"openOnSessionStart","__configUri":"file:///d%3A/TUCN/UTCN/Third_Year/SSC/Lab/Lab9/hello_world/_ide/launch.json"} 
2025-11-26 19:10:13 [info] : [Debug Manager] Disabling breakpoints in the tool to enable run mode for 'hello_world_app_hw_1 [hello_world]'. 
2025-11-26 19:10:14 [info] : [Debug Manager] Launch session has started on the configuration 'hello_world_app_hw_1 [hello_world]' 
2025-11-26 19:12:18 [info] : [Debug Manager] Launch session has terminated on the configuration 'hello_world_app_hw_1 [hello_world]' 
2025-11-26 19:12:18 [info] : [Debug Manager] Enabling breakpoints after running the application using 'hello_world_app_hw_1 [hello_world]'. 
2025-11-26 19:13:37 [info] : [Debug Manager] Successfully verified the target connection used  Local 
2025-11-26 19:13:37 [info] : [Debug Manager] Starting launch in 'run' mode using configuration: {"type":"tcf-debug","request":"launch","name":"hello_world_app_hw_1","debugType":"baremetal-zynq","attachToRunningTargetOptions":{"targetSetupMode":"standalone","executeScript":true,"scriptPath":""},"autoAttachProcessChildren":false,"target":{"targetConnectionId":"Local","peersIniPath":"../../_ide/.peers.ini","context":"zynq"},"pathMap":[],"targetSetup":{"resetSystem":true,"programDevice":true,"partialBitstream":false,"skipRevisionCheck":false,"device":{"plDevice":"Auto Detect","psDevice":"Auto Detect"},"resetAPU":false,"bitstreamFile":"${workspaceFolder}\\hello_world\\_ide\\bitstream\\hdmi_wrapper.bit","zynqInitialization":{"isFsbl":false,"usingFSBL":{"initWithFSBL":true,"fsblFile":"${workspaceFolder}\\platform\\export\\platform\\sw\\boot\\fsbl.elf","fsblExitSymbol":"FsblHandoffJtagExit"},"usingPs7Init":{"runPs7Init":true,"runPs7PostInit":true,"ps7InitTclFile":"${workspaceFolder}\\hello_world\\_ide\\psinit\\ps7_init.tcl"}},"downloadElf":[{"core":"ps7_cortexa9_0","resetProcessor":true,"elfFile":"${workspaceFolder}\\hello_world\\build\\hello_world.elf","stopAtEntry":false,"isSelfRelocatingApp":false,"relativeAddress":""}],"crossTriggerBreakpoints":{"isSelected":false,"breakpoints":[]}},"internalConsoleOptions":"openOnSessionStart","__configUri":"file:///d%3A/TUCN/UTCN/Third_Year/SSC/Lab/Lab9/hello_world/_ide/launch.json"} 
2025-11-26 19:13:37 [info] : [Debug Manager] Disabling breakpoints in the tool to enable run mode for 'hello_world_app_hw_1 [hello_world]'. 
2025-11-26 19:13:38 [info] : [Debug Manager] Launch session has started on the configuration 'hello_world_app_hw_1 [hello_world]' 
2025-11-26 19:15:27 [info] : [Platform Server] Generate platform output stream finished - platform. 
2025-11-26 19:15:29 [info] : [Build Server] Build output stream finished - hello_world::. 
2025-11-26 19:17:01 [info] : [Platform Server] Generate platform output stream finished - platform. 
2025-11-26 19:17:03 [info] : [Build Server] Build output stream finished - hello_world::. 
2025-11-26 19:17:48 [info] : [Platform Server] Generate platform output stream finished - platform. 
2025-11-26 19:17:50 [info] : [Build Server] Build output stream finished - hello_world::. 
2025-11-26 19:19:10 [info] : [Platform Server] Generate platform output stream finished - platform. 
2025-11-26 19:19:13 [info] : [Build Server] Build output stream finished - hello_world::. 
2025-11-26 19:19:26 [info] : [Platform Server] Generate platform output stream finished - platform. 
2025-11-26 19:19:28 [info] : [Build Server] Build output stream finished - hello_world::. 
2025-11-26 19:20:15 [info] : [Platform Server] Generate platform output stream finished - platform. 
2025-11-26 19:20:17 [info] : [Build Server] Build output stream finished - hello_world::. 
2025-11-26 19:20:34 [info] : [Platform Server] Generate platform output stream finished - platform. 
2025-11-26 19:20:37 [info] : [Build Server] Build output stream finished - hello_world::. 
2025-11-26 19:21:10 [info] : [Platform Server] Generate platform output stream finished - platform. 
2025-11-26 19:21:13 [info] : [Build Server] Build output stream finished - hello_world::. 
2025-11-26 19:21:22 [info] : [Debug Manager] Successfully verified the target connection used  Local 
2025-11-26 19:21:22 [info] : [Debug Manager] Starting launch in 'run' mode using configuration: {"type":"tcf-debug","request":"launch","name":"hello_world_app_hw_1","debugType":"baremetal-zynq","attachToRunningTargetOptions":{"targetSetupMode":"standalone","executeScript":true,"scriptPath":""},"autoAttachProcessChildren":false,"target":{"targetConnectionId":"Local","peersIniPath":"../../_ide/.peers.ini","context":"zynq"},"pathMap":[],"targetSetup":{"resetSystem":true,"programDevice":true,"partialBitstream":false,"skipRevisionCheck":false,"device":{"plDevice":"Auto Detect","psDevice":"Auto Detect"},"resetAPU":false,"bitstreamFile":"${workspaceFolder}\\hello_world\\_ide\\bitstream\\hdmi_wrapper.bit","zynqInitialization":{"isFsbl":false,"usingFSBL":{"initWithFSBL":true,"fsblFile":"${workspaceFolder}\\platform\\export\\platform\\sw\\boot\\fsbl.elf","fsblExitSymbol":"FsblHandoffJtagExit"},"usingPs7Init":{"runPs7Init":true,"runPs7PostInit":true,"ps7InitTclFile":"${workspaceFolder}\\hello_world\\_ide\\psinit\\ps7_init.tcl"}},"downloadElf":[{"core":"ps7_cortexa9_0","resetProcessor":true,"elfFile":"${workspaceFolder}\\hello_world\\build\\hello_world.elf","stopAtEntry":false,"isSelfRelocatingApp":false,"relativeAddress":""}],"crossTriggerBreakpoints":{"isSelected":false,"breakpoints":[]}},"internalConsoleOptions":"openOnSessionStart","__configUri":"file:///d%3A/TUCN/UTCN/Third_Year/SSC/Lab/Lab9/hello_world/_ide/launch.json"} 
2025-11-26 19:21:33 [info] : [Debug Manager] Launch session has terminated on the configuration 'hello_world_app_hw_1 [hello_world]' 
2025-11-26 19:21:33 [info] : [Debug Manager] Enabling breakpoints after running the application using 'hello_world_app_hw_1 [hello_world]'. 
2025-11-26 19:21:50 [info] : [Debug Manager] Successfully verified the target connection used  Local 
2025-11-26 19:21:50 [info] : [Debug Manager] Starting launch in 'run' mode using configuration: {"type":"tcf-debug","request":"launch","name":"hello_world_app_hw_1","debugType":"baremetal-zynq","attachToRunningTargetOptions":{"targetSetupMode":"standalone","executeScript":true,"scriptPath":""},"autoAttachProcessChildren":false,"target":{"targetConnectionId":"Local","peersIniPath":"../../_ide/.peers.ini","context":"zynq"},"pathMap":[],"targetSetup":{"resetSystem":true,"programDevice":true,"partialBitstream":false,"skipRevisionCheck":false,"device":{"plDevice":"Auto Detect","psDevice":"Auto Detect"},"resetAPU":false,"bitstreamFile":"${workspaceFolder}\\hello_world\\_ide\\bitstream\\hdmi_wrapper.bit","zynqInitialization":{"isFsbl":false,"usingFSBL":{"initWithFSBL":true,"fsblFile":"${workspaceFolder}\\platform\\export\\platform\\sw\\boot\\fsbl.elf","fsblExitSymbol":"FsblHandoffJtagExit"},"usingPs7Init":{"runPs7Init":true,"runPs7PostInit":true,"ps7InitTclFile":"${workspaceFolder}\\hello_world\\_ide\\psinit\\ps7_init.tcl"}},"downloadElf":[{"core":"ps7_cortexa9_0","resetProcessor":true,"elfFile":"${workspaceFolder}\\hello_world\\build\\hello_world.elf","stopAtEntry":false,"isSelfRelocatingApp":false,"relativeAddress":""}],"crossTriggerBreakpoints":{"isSelected":false,"breakpoints":[]}},"internalConsoleOptions":"openOnSessionStart","__configUri":"file:///d%3A/TUCN/UTCN/Third_Year/SSC/Lab/Lab9/hello_world/_ide/launch.json"} 
2025-11-26 19:21:51 [info] : [Debug Manager] Disabling breakpoints in the tool to enable run mode for 'hello_world_app_hw_1 [hello_world]'. 
2025-11-26 19:21:52 [info] : [Debug Manager] Launch session has started on the configuration 'hello_world_app_hw_1 [hello_world]' 
2025-11-26 19:22:37 [info] : [Platform Server] Generate platform output stream finished - platform. 
2025-11-26 19:22:39 [info] : [Build Server] Build output stream finished - hello_world::. 
2025-11-26 19:22:49 [info] : [Debug Manager] Successfully verified the target connection used  Local 
2025-11-26 19:22:49 [info] : [Debug Manager] Starting launch in 'run' mode using configuration: {"type":"tcf-debug","request":"launch","name":"hello_world_app_hw_1","debugType":"baremetal-zynq","attachToRunningTargetOptions":{"targetSetupMode":"standalone","executeScript":true,"scriptPath":""},"autoAttachProcessChildren":false,"target":{"targetConnectionId":"Local","peersIniPath":"../../_ide/.peers.ini","context":"zynq"},"pathMap":[],"targetSetup":{"resetSystem":true,"programDevice":true,"partialBitstream":false,"skipRevisionCheck":false,"device":{"plDevice":"Auto Detect","psDevice":"Auto Detect"},"resetAPU":false,"bitstreamFile":"${workspaceFolder}\\hello_world\\_ide\\bitstream\\hdmi_wrapper.bit","zynqInitialization":{"isFsbl":false,"usingFSBL":{"initWithFSBL":true,"fsblFile":"${workspaceFolder}\\platform\\export\\platform\\sw\\boot\\fsbl.elf","fsblExitSymbol":"FsblHandoffJtagExit"},"usingPs7Init":{"runPs7Init":true,"runPs7PostInit":true,"ps7InitTclFile":"${workspaceFolder}\\hello_world\\_ide\\psinit\\ps7_init.tcl"}},"downloadElf":[{"core":"ps7_cortexa9_0","resetProcessor":true,"elfFile":"${workspaceFolder}\\hello_world\\build\\hello_world.elf","stopAtEntry":false,"isSelfRelocatingApp":false,"relativeAddress":""}],"crossTriggerBreakpoints":{"isSelected":false,"breakpoints":[]}},"internalConsoleOptions":"openOnSessionStart","__configUri":"file:///d%3A/TUCN/UTCN/Third_Year/SSC/Lab/Lab9/hello_world/_ide/launch.json"} 
2025-11-26 19:22:52 [info] : [Debug Manager] Launch session has terminated on the configuration 'hello_world_app_hw_1 [hello_world]' 
2025-11-26 19:22:52 [info] : [Debug Manager] Enabling breakpoints after running the application using 'hello_world_app_hw_1 [hello_world]'. 
2025-11-26 19:23:08 [info] : [Debug Manager] Successfully verified the target connection used  Local 
2025-11-26 19:23:08 [info] : [Debug Manager] Starting launch in 'run' mode using configuration: {"type":"tcf-debug","request":"launch","name":"hello_world_app_hw_1","debugType":"baremetal-zynq","attachToRunningTargetOptions":{"targetSetupMode":"standalone","executeScript":true,"scriptPath":""},"autoAttachProcessChildren":false,"target":{"targetConnectionId":"Local","peersIniPath":"../../_ide/.peers.ini","context":"zynq"},"pathMap":[],"targetSetup":{"resetSystem":true,"programDevice":true,"partialBitstream":false,"skipRevisionCheck":false,"device":{"plDevice":"Auto Detect","psDevice":"Auto Detect"},"resetAPU":false,"bitstreamFile":"${workspaceFolder}\\hello_world\\_ide\\bitstream\\hdmi_wrapper.bit","zynqInitialization":{"isFsbl":false,"usingFSBL":{"initWithFSBL":true,"fsblFile":"${workspaceFolder}\\platform\\export\\platform\\sw\\boot\\fsbl.elf","fsblExitSymbol":"FsblHandoffJtagExit"},"usingPs7Init":{"runPs7Init":true,"runPs7PostInit":true,"ps7InitTclFile":"${workspaceFolder}\\hello_world\\_ide\\psinit\\ps7_init.tcl"}},"downloadElf":[{"core":"ps7_cortexa9_0","resetProcessor":true,"elfFile":"${workspaceFolder}\\hello_world\\build\\hello_world.elf","stopAtEntry":false,"isSelfRelocatingApp":false,"relativeAddress":""}],"crossTriggerBreakpoints":{"isSelected":false,"breakpoints":[]}},"internalConsoleOptions":"openOnSessionStart","__configUri":"file:///d%3A/TUCN/UTCN/Third_Year/SSC/Lab/Lab9/hello_world/_ide/launch.json"} 
2025-11-26 19:23:08 [info] : [Debug Manager] Disabling breakpoints in the tool to enable run mode for 'hello_world_app_hw_1 [hello_world]'. 
2025-11-26 19:23:10 [info] : [Debug Manager] Launch session has started on the configuration 'hello_world_app_hw_1 [hello_world]' 
2025-11-26 19:24:25 [info] : [Debug Manager] Launch session has terminated on the configuration 'hello_world_app_hw_1 [hello_world]' 
2025-11-26 19:24:25 [info] : [Debug Manager] Enabling breakpoints after running the application using 'hello_world_app_hw_1 [hello_world]'. 
2025-11-26 19:25:10 [info] : [Platform Server] Generate platform output stream finished - platform. 
2025-11-26 19:25:13 [info] : [Build Server] Build output stream finished - hello_world::. 
2025-11-26 19:25:29 [info] : [Debug Manager] Successfully verified the target connection used  Local 
2025-11-26 19:25:29 [info] : [Debug Manager] Starting launch in 'run' mode using configuration: {"type":"tcf-debug","request":"launch","name":"hello_world_app_hw_1","debugType":"baremetal-zynq","attachToRunningTargetOptions":{"targetSetupMode":"standalone","executeScript":true,"scriptPath":""},"autoAttachProcessChildren":false,"target":{"targetConnectionId":"Local","peersIniPath":"../../_ide/.peers.ini","context":"zynq"},"pathMap":[],"targetSetup":{"resetSystem":true,"programDevice":true,"partialBitstream":false,"skipRevisionCheck":false,"device":{"plDevice":"Auto Detect","psDevice":"Auto Detect"},"resetAPU":false,"bitstreamFile":"${workspaceFolder}\\hello_world\\_ide\\bitstream\\hdmi_wrapper.bit","zynqInitialization":{"isFsbl":false,"usingFSBL":{"initWithFSBL":true,"fsblFile":"${workspaceFolder}\\platform\\export\\platform\\sw\\boot\\fsbl.elf","fsblExitSymbol":"FsblHandoffJtagExit"},"usingPs7Init":{"runPs7Init":true,"runPs7PostInit":true,"ps7InitTclFile":"${workspaceFolder}\\hello_world\\_ide\\psinit\\ps7_init.tcl"}},"downloadElf":[{"core":"ps7_cortexa9_0","resetProcessor":true,"elfFile":"${workspaceFolder}\\hello_world\\build\\hello_world.elf","stopAtEntry":false,"isSelfRelocatingApp":false,"relativeAddress":""}],"crossTriggerBreakpoints":{"isSelected":false,"breakpoints":[]}},"internalConsoleOptions":"openOnSessionStart","__configUri":"file:///d%3A/TUCN/UTCN/Third_Year/SSC/Lab/Lab9/hello_world/_ide/launch.json"} 
2025-11-26 19:25:29 [info] : [Debug Manager] Disabling breakpoints in the tool to enable run mode for 'hello_world_app_hw_1 [hello_world]'. 
2025-11-26 19:25:30 [info] : [Debug Manager] Launch session has started on the configuration 'hello_world_app_hw_1 [hello_world]' 
2025-11-26 19:27:13 [info] : [Debug Manager] Launch session has terminated on the configuration 'hello_world_app_hw_1 [hello_world]' 
2025-11-26 19:27:13 [info] : [Debug Manager] Enabling breakpoints after running the application using 'hello_world_app_hw_1 [hello_world]'. 
2025-11-26 19:27:23 [info] : [Platform Server] Generate platform output stream finished - platform. 
2025-11-26 19:27:25 [info] : [Build Server] Build output stream finished - hello_world::. 
2025-11-26 19:27:39 [info] : [Debug Manager] Successfully verified the target connection used  Local 
2025-11-26 19:27:39 [info] : [Debug Manager] Starting launch in 'run' mode using configuration: {"type":"tcf-debug","request":"launch","name":"hello_world_app_hw_1","debugType":"baremetal-zynq","attachToRunningTargetOptions":{"targetSetupMode":"standalone","executeScript":true,"scriptPath":""},"autoAttachProcessChildren":false,"target":{"targetConnectionId":"Local","peersIniPath":"../../_ide/.peers.ini","context":"zynq"},"pathMap":[],"targetSetup":{"resetSystem":true,"programDevice":true,"partialBitstream":false,"skipRevisionCheck":false,"device":{"plDevice":"Auto Detect","psDevice":"Auto Detect"},"resetAPU":false,"bitstreamFile":"${workspaceFolder}\\hello_world\\_ide\\bitstream\\hdmi_wrapper.bit","zynqInitialization":{"isFsbl":false,"usingFSBL":{"initWithFSBL":true,"fsblFile":"${workspaceFolder}\\platform\\export\\platform\\sw\\boot\\fsbl.elf","fsblExitSymbol":"FsblHandoffJtagExit"},"usingPs7Init":{"runPs7Init":true,"runPs7PostInit":true,"ps7InitTclFile":"${workspaceFolder}\\hello_world\\_ide\\psinit\\ps7_init.tcl"}},"downloadElf":[{"core":"ps7_cortexa9_0","resetProcessor":true,"elfFile":"${workspaceFolder}\\hello_world\\build\\hello_world.elf","stopAtEntry":false,"isSelfRelocatingApp":false,"relativeAddress":""}],"crossTriggerBreakpoints":{"isSelected":false,"breakpoints":[]}},"internalConsoleOptions":"openOnSessionStart","__configUri":"file:///d%3A/TUCN/UTCN/Third_Year/SSC/Lab/Lab9/hello_world/_ide/launch.json"} 
2025-11-26 19:27:39 [info] : [Debug Manager] Disabling breakpoints in the tool to enable run mode for 'hello_world_app_hw_1 [hello_world]'. 
2025-11-26 19:27:40 [info] : [Debug Manager] Launch session has started on the configuration 'hello_world_app_hw_1 [hello_world]' 
