
                 *********************************************
                 *                                           *
                 *             A I M - S p i c e             *
                 *                                           *
                 *         Professional Version 2020.100           *
                 *                                           *
                 *********************************************

	Date: Thu Jan  9 12:07:35 2025
	Circuit File: D:\UTCN\Second_Year\ADC\Labs\LAB4\Inversor cu tranzistor bipolar(analiza curent continuu).cir
	Analysis: DC Transfer Curves

**************************  Circuit Description  **************************

     1:  Inversor cu tranzistor bipolar(analiza curent continuu)
     2:  R1 in 1 1k
     3:  Rb 1 eb 7k
     4:  Rc out ec 1k
     5:  C1 in 1 15p
     6:  
     7:  Q out 1 0 Tranzistor
     8:  .Model Tranzistor NPN tr=5e-9 tf=8e-9
     9:  
    10:  Vin in 0 DC 5
    11:  Vec ec 0 DC 5
    12:  Veb eb 0 DC -1
    13:  
    14:  .dc Vin 0 5 0.1

***************************  Model Parameters  ****************************


***************  Device Parameters (Only for .op analysis)  ***************



**************************  Analysis Parameters  **************************

	Source name #1 .. : Vin
	Start value #1 .. : 0
	End value #1 .... : 5
	Increment value #1: 0.1



**************  Options (Only those different from default)  **************



*************************  Simulation Statistics  *************************

	Total number of iterations...........: 125
	Total analysis time (sec)............: 0.014
	Time spent in device loading (sec)...: 0
	Time spent in L-U decomposition (sec): 0
	Time spent in matrix reordering (sec): 0
	Time spent in matrix solving (sec)...: 0

***************************  Kernel Messages  *****************************

Circuit: Inversor cu tranzistor bipolar(analiza curent continuu)


