
                 *********************************************
                 *                                           *
                 *             A I M - S p i c e             *
                 *                                           *
                 *         Professional Version 2020.100           *
                 *                                           *
                 *********************************************

	Date: Thu Jan  9 12:02:24 2025
	Circuit File: D:\UTCN\Second_Year\ADC\Labs\LAB4\inversor simplu analiza semnal pulse.cir
	Analysis: Transient

**************************  Circuit Description  **************************

     1:  INVERSOR SIMPLU ANALIZA SEMNAL PULSE
     2:  R1 in 1 1k
     3:  Rc out ec 1k
     4:  C1 in 1 30p
     5:  Q out 1 0 Tranzistor
     6:  C2 out 0 1p
     7:  
     8:  .Model Tranzistor NPN tr=5e-9 tf=8e-9
     9:  
    10:  Vin in 0 pulse(0 5 0 1e-9 1e-9 1e-7 2e-7)
    11:  Vec ec 0 DC 5
    12:  
    13:  .tran 1e-9 6e-7

***************************  Model Parameters  ****************************


***************  Device Parameters (Only for .op analysis)  ***************



**************************  Analysis Parameters  **************************

	Stepsize ............ : 1e-9
	Final time .......... : 6e-7
	Use Initial Conditions: Off



**************  Options (Only those different from default)  **************



*************************  Simulation Statistics  *************************

	Total number of iterations.....................: 721
	Number of iterations for transient analysis....: 716
	Total number of timepoints.....................: 227
	Number of timepoints accepted..................: 195
	Number of timepoints rejected..................: 32
	Total analysis time (sec)......................: 0.028
	Transient analysis time (sec)..................: 0.023
	Time spent in device loading (sec).............: 0.003
	Time spent in L-U decomposition (sec)..........: 0
	Time spent in matrix reordering (sec)..........: 0
	Time spent in matrix solving (sec).............: 0
	Time spent in transient L-U decomposition (sec): 0
	Time spent in transient matrix solving (sec)...: 0

***************************  Kernel Messages  *****************************

Circuit: INVERSOR SIMPLU ANALIZA SEMNAL PULSE

Warning: vin: no DC value, transient time 0 value used
Warning: vin: no DC value, transient time 0 value used

