
                 *********************************************
                 *                                           *
                 *             A I M - S p i c e             *
                 *                                           *
                 *         Professional Version 2020.100           *
                 *                                           *
                 *********************************************

	Date: Fri Nov 15 13:00:35 2024
	Circuit File: D:\UTCN\Second_Year\ADC\Labs\LAB6\Inversor NMOS static - analizã curent continuu.cir
	Analysis: DC Transfer Curves

**************************  Circuit Description  **************************

     1:  Inversor NMOS static(analiza curent continuu)
     2:  
     3:  !*Ordine parametri tranzistor NMOS: DGSB
     4:  M1 out in 0 0 NMOS1 l=1u w=1u
     5:  .Model NMOS1 nmos vto=1.5
     6:  
     7:  M2 dd gg out out NMOS2 l=25u w=1u
     8:  .Model NMOS2 nmos vto=2.5
     9:  
    10:  Vin in 0 DC 0
    11:  Vdd dd 0 DC 5
    12:  Vgg gg 0 DC 7.5
    13:  
    14:  !*Vin=0V => M1 blocat => Vout=Vgg-Vt=7.5V-2.5V=5V
    15:  !*Vin=5V => M1 deschis => Vout=0V
    16:  
    17:  .dc Vin 0 5 0.1

***************************  Model Parameters  ****************************


***************  Device Parameters (Only for .op analysis)  ***************



**************************  Analysis Parameters  **************************

	Source name #1 .. : Vin
	Start value #1 .. : 0
	End value #1 .... : 5
	Increment value #1: 0.1



**************  Options (Only those different from default)  **************



*************************  Simulation Statistics  *************************

	Total number of iterations...........: 120
	Total analysis time (sec)............: 0.026
	Time spent in device loading (sec)...: 0
	Time spent in L-U decomposition (sec): 0
	Time spent in matrix reordering (sec): 0
	Time spent in matrix solving (sec)...: 0

***************************  Kernel Messages  *****************************

Circuit: Inversor NMOS static(analiza curent continuu)


