
                 *********************************************
                 *                                           *
                 *             A I M - S p i c e             *
                 *                                           *
                 *         Professional Version 2020.100           *
                 *                                           *
                 *********************************************

	Date: Thu Dec 26 15:59:54 2024
	Circuit File: D:\UTCN\Second_Year\ADC\Labs\LAB1\FILTRU trece sus.cir
	Analysis: Transient

**************************  Circuit Description  **************************

     1:  Filtru Trece-Sus
     2:  c1 in out 1800n
     3:  r1 out 0 1k
     4:  vin in 0 dc 5 sin(0 5 100 0 0)
     5:  
     6:  
     7:  .tran 1e-9 6e-3

***************************  Model Parameters  ****************************


***************  Device Parameters (Only for .op analysis)  ***************



**************************  Analysis Parameters  **************************

	Stepsize ............ : 1e-9
	Final time .......... : 6e-3
	Use Initial Conditions: Off



**************  Options (Only those different from default)  **************



*************************  Simulation Statistics  *************************

	Total number of iterations.....................: 151
	Number of iterations for transient analysis....: 148
	Total number of timepoints.....................: 75
	Number of timepoints accepted..................: 75
	Number of timepoints rejected..................: 0
	Total analysis time (sec)......................: 0.023
	Transient analysis time (sec)..................: 0.02
	Time spent in device loading (sec).............: 0
	Time spent in L-U decomposition (sec)..........: 0
	Time spent in matrix reordering (sec)..........: 0
	Time spent in matrix solving (sec).............: 0
	Time spent in transient L-U decomposition (sec): 0
	Time spent in transient matrix solving (sec)...: 0

***************************  Kernel Messages  *****************************

Circuit: Filtru Trece-Sus


