
                 *********************************************
                 *                                           *
                 *             A I M - S p i c e             *
                 *                                           *
                 *         Professional Version 2020.100           *
                 *                                           *
                 *********************************************

	Date: Fri Nov  1 11:23:42 2024
	Circuit File: D:\UTCN\Second_Year\ADC\Labs\LAB4\inversor simplu analiza semnal pulse.cir
	Analysis: DC Transfer Curves

**************************  Circuit Description  **************************

     1:  INVERSOR SIMPLU ANALIZA SEMNAL PULSE
     2:  R1 in 1 1k
     3:  Rc out ec 1k
     4:  C1 in 1 30p
     5:  Q out 1 0 Tranzistor
     6:  C2 out 0 1p
     7:  
     8:  .Model Tranzistor NPN tr=5e-9 tf=8e-9
     9:  
    10:  Vin in 0 pulse(0 5 0 1e-9 1e-9 1e-7 2e-7)
    11:  Vec ec 0 DC 5
    12:  
    13:  .dc vin 0 5 0.1

***************************  Model Parameters  ****************************


***************  Device Parameters (Only for .op analysis)  ***************



**************************  Analysis Parameters  **************************

	Source name #1 .. : vin
	Start value #1 .. : 0
	End value #1 .... : 5
	Increment value #1: 0.1



**************  Options (Only those different from default)  **************



*************************  Simulation Statistics  *************************

	Total number of iterations...........: 105
	Total analysis time (sec)............: 0.036
	Time spent in device loading (sec)...: 0
	Time spent in L-U decomposition (sec): 0
	Time spent in matrix reordering (sec): 0
	Time spent in matrix solving (sec)...: 0

***************************  Kernel Messages  *****************************

Circuit: INVERSOR SIMPLU ANALIZA SEMNAL PULSE

Warning: vin: no DC value, transient time 0 value used
Warning: vin: no DC value, transient time 0 value used

