
                 *********************************************
                 *                                           *
                 *             A I M - S p i c e             *
                 *                                           *
                 *         Professional Version 2020.100           *
                 *                                           *
                 *********************************************

	Date: Thu Jan  9 12:08:29 2025
	Circuit File: D:\UTCN\Second_Year\ADC\Labs\LAB4\inversor simplu.cir
	Analysis: DC Transfer Curves

**************************  Circuit Description  **************************

     1:  INVERSOR SIMPLU ANALIZA DC
     2:  R1 in 1 1k
     3:  Rc out ec 7k
     4:  
     5:  Q out 1 0 Tranzistor
     6:  .Model Tranzistor NPN tr=5e-9 tf=8e-9
     7:  
     8:  Vin in 0 DC 5
     9:  Vec ec 0 DC 5
    10:  
    11:  .dc vin 0 5 0.1

***************************  Model Parameters  ****************************


***************  Device Parameters (Only for .op analysis)  ***************



**************************  Analysis Parameters  **************************

	Source name #1 .. : vin
	Start value #1 .. : 0
	End value #1 .... : 5
	Increment value #1: 0.1



**************  Options (Only those different from default)  **************



*************************  Simulation Statistics  *************************

	Total number of iterations...........: 123
	Total analysis time (sec)............: 0.013
	Time spent in device loading (sec)...: 0
	Time spent in L-U decomposition (sec): 0
	Time spent in matrix reordering (sec): 0
	Time spent in matrix solving (sec)...: 0

***************************  Kernel Messages  *****************************

Circuit: INVERSOR SIMPLU ANALIZA DC


